This file contains any messages produced by compilers while
running configure, to aid debugging if configure makes a mistake.

It was created by tesseract configure 4.00.00dev, which was
generated by GNU Autoconf 2.69.  Invocation command line was

  $ ./configure --enable-debug --no-create --no-recursion

## --------- ##
## Platform. ##
## --------- ##

hostname = laptop
uname -m = x86_64
uname -r = 4.4.0-62-generic
uname -s = Linux
uname -v = #83-Ubuntu SMP Wed Jan 18 14:10:15 UTC 2017

/usr/bin/uname -p = unknown
/bin/uname -X     = unknown

/bin/arch              = unknown
/usr/bin/arch -k       = unknown
/usr/convex/getsysinfo = unknown
/usr/bin/hostinfo      = unknown
/bin/machine           = unknown
/usr/bin/oslevel       = unknown
/bin/universe          = unknown

PATH: /home/srq/anaconda2/bin
PATH: /home/srq/bin
PATH: /home/srq/.local/bin
PATH: /usr/local/sbin
PATH: /usr/local/bin
PATH: /usr/sbin
PATH: /usr/bin
PATH: /sbin
PATH: /bin
PATH: /usr/games
PATH: /usr/local/games
PATH: /usr/lib/jvm/java-8-oracle/bin
PATH: /usr/lib/jvm/java-8-oracle/db/bin
PATH: /usr/lib/jvm/java-8-oracle/jre/bin


## ----------- ##
## Core tests. ##
## ----------- ##

configure:2655: checking for g++
configure:2671: found /usr/bin/g++
configure:2682: result: g++
configure:2709: checking for C++ compiler version
configure:2718: g++ --version >&5
g++ (Ubuntu 5.4.0-6ubuntu1~16.04.4) 5.4.0 20160609
Copyright (C) 2015 Free Software Foundation, Inc.
This is free software; see the source for copying conditions.  There is NO
warranty; not even for MERCHANTABILITY or FITNESS FOR A PARTICULAR PURPOSE.

configure:2729: $? = 0
configure:2718: g++ -v >&5
Using built-in specs.
COLLECT_GCC=g++
COLLECT_LTO_WRAPPER=/usr/lib/gcc/x86_64-linux-gnu/5/lto-wrapper
Target: x86_64-linux-gnu
Configured with: ../src/configure -v --with-pkgversion='Ubuntu 5.4.0-6ubuntu1~16.04.4' --with-bugurl=file:///usr/share/doc/gcc-5/README.Bugs --enable-languages=c,ada,c++,java,go,d,fortran,objc,obj-c++ --prefix=/usr --program-suffix=-5 --enable-shared --enable-linker-build-id --libexecdir=/usr/lib --without-included-gettext --enable-threads=posix --libdir=/usr/lib --enable-nls --with-sysroot=/ --enable-clocale=gnu --enable-libstdcxx-debug --enable-libstdcxx-time=yes --with-default-libstdcxx-abi=new --enable-gnu-unique-object --disable-vtable-verify --enable-libmpx --enable-plugin --with-system-zlib --disable-browser-plugin --enable-java-awt=gtk --enable-gtk-cairo --with-java-home=/usr/lib/jvm/java-1.5.0-gcj-5-amd64/jre --enable-java-home --with-jvm-root-dir=/usr/lib/jvm/java-1.5.0-gcj-5-amd64 --with-jvm-jar-dir=/usr/lib/jvm-exports/java-1.5.0-gcj-5-amd64 --with-arch-directory=amd64 --with-ecj-jar=/usr/share/java/eclipse-ecj.jar --enable-objc-gc --enable-multiarch --disable-werror --with-arch-32=i686 --with-abi=m64 --with-multilib-list=m32,m64,mx32 --enable-multilib --with-tune=generic --enable-checking=release --build=x86_64-linux-gnu --host=x86_64-linux-gnu --target=x86_64-linux-gnu
Thread model: posix
gcc version 5.4.0 20160609 (Ubuntu 5.4.0-6ubuntu1~16.04.4) 
configure:2729: $? = 0
configure:2718: g++ -V >&5
g++: error: unrecognized command line option '-V'
g++: fatal error: no input files
compilation terminated.
configure:2729: $? = 1
configure:2718: g++ -qversion >&5
g++: error: unrecognized command line option '-qversion'
g++: fatal error: no input files
compilation terminated.
configure:2729: $? = 1
configure:2749: checking whether the C++ compiler works
configure:2771: g++    conftest.cpp  >&5
configure:2775: $? = 0
configure:2823: result: yes
configure:2826: checking for C++ compiler default output file name
configure:2828: result: a.out
configure:2834: checking for suffix of executables
configure:2841: g++ -o conftest    conftest.cpp  >&5
configure:2845: $? = 0
configure:2867: result: 
configure:2889: checking whether we are cross compiling
configure:2897: g++ -o conftest    conftest.cpp  >&5
configure:2901: $? = 0
configure:2908: ./conftest
configure:2912: $? = 0
configure:2927: result: no
configure:2932: checking for suffix of object files
configure:2954: g++ -c   conftest.cpp >&5
configure:2958: $? = 0
configure:2979: result: o
configure:2983: checking whether we are using the GNU C++ compiler
configure:3002: g++ -c   conftest.cpp >&5
configure:3002: $? = 0
configure:3011: result: yes
configure:3020: checking whether g++ accepts -g
configure:3040: g++ -c -g  conftest.cpp >&5
configure:3040: $? = 0
configure:3081: result: yes
configure:3254: checking for a BSD-compatible install
configure:3322: result: /usr/bin/install -c
configure:3333: checking whether build environment is sane
configure:3388: result: yes
configure:3539: checking for a thread-safe mkdir -p
configure:3578: result: /bin/mkdir -p
configure:3585: checking for gawk
configure:3601: found /usr/bin/gawk
configure:3612: result: gawk
configure:3623: checking whether make sets $(MAKE)
configure:3645: result: yes
configure:3675: checking for style of include used by make
configure:3703: result: GNU
configure:3737: checking whether make supports nested variables
configure:3754: result: yes
configure:3839: checking dependency style of g++
configure:3950: result: gcc3
configure:4011: checking whether to enable maintainer-specific portions of Makefiles
configure:4020: result: no
configure:4080: checking build system type
configure:4094: result: x86_64-pc-linux-gnu
configure:4114: checking host system type
configure:4127: result: x86_64-pc-linux-gnu
configure:4249: checking whether C++ compiler accepts -mavx
configure:4268: g++ -c -g -O2  -mavx  conftest.cpp >&5
configure:4268: $? = 0
configure:4276: result: yes
configure:4284: checking whether C++ compiler accepts -msse4.1
configure:4303: g++ -c -g -O2  -msse4.1  conftest.cpp >&5
configure:4303: $? = 0
configure:4311: result: yes
configure:4364: checking --enable-graphics argument
configure:4373: result: yes
configure:4390: checking --enable-embedded argument
configure:4399: result: no
configure:4422: checking for g++ option to support OpenMP
configure:4437: g++ -o conftest -g -O2   conftest.cpp  >&5
conftest.cpp:18:2: error: 'choke' does not name a type
  choke me
  ^
In file included from conftest.cpp:20:0:
/usr/lib/gcc/x86_64-linux-gnu/5/include/omp.h:39:3: error: 'omp_lock_t' does not name a type
 } omp_lock_t;
   ^
/usr/lib/gcc/x86_64-linux-gnu/5/include/omp.h:91:28: error: variable or field 'omp_init_lock' declared void
 extern void omp_init_lock (omp_lock_t *) __GOMP_NOTHROW;
                            ^
/usr/lib/gcc/x86_64-linux-gnu/5/include/omp.h:91:28: error: 'omp_lock_t' was not declared in this scope
/usr/lib/gcc/x86_64-linux-gnu/5/include/omp.h:91:40: error: expected primary-expression before ')' token
 extern void omp_init_lock (omp_lock_t *) __GOMP_NOTHROW;
                                        ^
/usr/lib/gcc/x86_64-linux-gnu/5/include/omp.h:92:31: error: variable or field 'omp_destroy_lock' declared void
 extern void omp_destroy_lock (omp_lock_t *) __GOMP_NOTHROW;
                               ^
/usr/lib/gcc/x86_64-linux-gnu/5/include/omp.h:92:31: error: 'omp_lock_t' was not declared in this scope
/usr/lib/gcc/x86_64-linux-gnu/5/include/omp.h:92:43: error: expected primary-expression before ')' token
 extern void omp_destroy_lock (omp_lock_t *) __GOMP_NOTHROW;
                                           ^
/usr/lib/gcc/x86_64-linux-gnu/5/include/omp.h:93:27: error: variable or field 'omp_set_lock' declared void
 extern void omp_set_lock (omp_lock_t *) __GOMP_NOTHROW;
                           ^
/usr/lib/gcc/x86_64-linux-gnu/5/include/omp.h:93:27: error: 'omp_lock_t' was not declared in this scope
/usr/lib/gcc/x86_64-linux-gnu/5/include/omp.h:93:39: error: expected primary-expression before ')' token
 extern void omp_set_lock (omp_lock_t *) __GOMP_NOTHROW;
                                       ^
/usr/lib/gcc/x86_64-linux-gnu/5/include/omp.h:94:29: error: variable or field 'omp_unset_lock' declared void
 extern void omp_unset_lock (omp_lock_t *) __GOMP_NOTHROW;
                             ^
/usr/lib/gcc/x86_64-linux-gnu/5/include/omp.h:94:29: error: 'omp_lock_t' was not declared in this scope
/usr/lib/gcc/x86_64-linux-gnu/5/include/omp.h:94:41: error: expected primary-expression before ')' token
 extern void omp_unset_lock (omp_lock_t *) __GOMP_NOTHROW;
                                         ^
/usr/lib/gcc/x86_64-linux-gnu/5/include/omp.h:95:27: error: 'omp_lock_t' was not declared in this scope
 extern int omp_test_lock (omp_lock_t *) __GOMP_NOTHROW;
                           ^
/usr/lib/gcc/x86_64-linux-gnu/5/include/omp.h:95:39: error: expected primary-expression before ')' token
 extern int omp_test_lock (omp_lock_t *) __GOMP_NOTHROW;
                                       ^
/usr/lib/gcc/x86_64-linux-gnu/5/include/omp.h:95:41: error: expected ',' or ';' before 'throw'
 extern int omp_test_lock (omp_lock_t *) __GOMP_NOTHROW;
                                         ^
configure:4437: $? = 1
configure: failed program was:
| /* confdefs.h */
| #define PACKAGE_NAME "tesseract"
| #define PACKAGE_TARNAME "tesseract"
| #define PACKAGE_VERSION "4.00.00dev"
| #define PACKAGE_STRING "tesseract 4.00.00dev"
| #define PACKAGE_BUGREPORT "https://github.com/tesseract-ocr/tesseract/issues"
| #define PACKAGE_URL ""
| #define GIT_REV "4.00.00alpha-241-g6f83ba0"
| #define PACKAGE_NAME "tesseract"
| #define PACKAGE_VERSION "4.00.00dev"
| #define PACKAGE_YEAR "2016"
| #define PACKAGE_DATE "11/11"
| #define PACKAGE "tesseract"
| #define VERSION "4.00.00dev"
| /* end confdefs.h.  */
| 
| #ifndef _OPENMP
|  choke me
| #endif
| #include <omp.h>
| int main () { return omp_get_num_threads (); }
| 
configure:4455: g++ -o conftest -g -O2 -fopenmp   conftest.cpp  >&5
configure:4455: $? = 0
configure:4469: result: -fopenmp
configure:4482: checking --enable-opencl argument
configure:4491: result: no
configure:4500: checking how to run the C++ preprocessor
configure:4527: g++ -E  conftest.cpp
configure:4527: $? = 0
configure:4541: g++ -E  conftest.cpp
conftest.cpp:16:28: fatal error: ac_nonexistent.h: No such file or directory
compilation terminated.
configure:4541: $? = 1
configure: failed program was:
| /* confdefs.h */
| #define PACKAGE_NAME "tesseract"
| #define PACKAGE_TARNAME "tesseract"
| #define PACKAGE_VERSION "4.00.00dev"
| #define PACKAGE_STRING "tesseract 4.00.00dev"
| #define PACKAGE_BUGREPORT "https://github.com/tesseract-ocr/tesseract/issues"
| #define PACKAGE_URL ""
| #define GIT_REV "4.00.00alpha-241-g6f83ba0"
| #define PACKAGE_NAME "tesseract"
| #define PACKAGE_VERSION "4.00.00dev"
| #define PACKAGE_YEAR "2016"
| #define PACKAGE_DATE "11/11"
| #define PACKAGE "tesseract"
| #define VERSION "4.00.00dev"
| /* end confdefs.h.  */
| #include <ac_nonexistent.h>
configure:4566: result: g++ -E
configure:4586: g++ -E  conftest.cpp
configure:4586: $? = 0
configure:4600: g++ -E  conftest.cpp
conftest.cpp:16:28: fatal error: ac_nonexistent.h: No such file or directory
compilation terminated.
configure:4600: $? = 1
configure: failed program was:
| /* confdefs.h */
| #define PACKAGE_NAME "tesseract"
| #define PACKAGE_TARNAME "tesseract"
| #define PACKAGE_VERSION "4.00.00dev"
| #define PACKAGE_STRING "tesseract 4.00.00dev"
| #define PACKAGE_BUGREPORT "https://github.com/tesseract-ocr/tesseract/issues"
| #define PACKAGE_URL ""
| #define GIT_REV "4.00.00alpha-241-g6f83ba0"
| #define PACKAGE_NAME "tesseract"
| #define PACKAGE_VERSION "4.00.00dev"
| #define PACKAGE_YEAR "2016"
| #define PACKAGE_DATE "11/11"
| #define PACKAGE "tesseract"
| #define VERSION "4.00.00dev"
| /* end confdefs.h.  */
| #include <ac_nonexistent.h>
configure:4629: checking for grep that handles long lines and -e
configure:4687: result: /bin/grep
configure:4692: checking for egrep
configure:4754: result: /bin/grep -E
configure:4759: checking for ANSI C header files
configure:4779: g++ -c -g -O2  conftest.cpp >&5
configure:4779: $? = 0
configure:4852: g++ -o conftest -g -O2   conftest.cpp  >&5
configure:4852: $? = 0
configure:4852: ./conftest
configure:4852: $? = 0
configure:4863: result: yes
configure:4876: checking for sys/types.h
configure:4876: g++ -c -g -O2  conftest.cpp >&5
configure:4876: $? = 0
configure:4876: result: yes
configure:4876: checking for sys/stat.h
configure:4876: g++ -c -g -O2  conftest.cpp >&5
configure:4876: $? = 0
configure:4876: result: yes
configure:4876: checking for stdlib.h
configure:4876: g++ -c -g -O2  conftest.cpp >&5
configure:4876: $? = 0
configure:4876: result: yes
configure:4876: checking for string.h
configure:4876: g++ -c -g -O2  conftest.cpp >&5
configure:4876: $? = 0
configure:4876: result: yes
configure:4876: checking for memory.h
configure:4876: g++ -c -g -O2  conftest.cpp >&5
configure:4876: $? = 0
configure:4876: result: yes
configure:4876: checking for strings.h
configure:4876: g++ -c -g -O2  conftest.cpp >&5
configure:4876: $? = 0
configure:4876: result: yes
configure:4876: checking for inttypes.h
configure:4876: g++ -c -g -O2  conftest.cpp >&5
configure:4876: $? = 0
configure:4876: result: yes
configure:4876: checking for stdint.h
configure:4876: g++ -c -g -O2  conftest.cpp >&5
configure:4876: $? = 0
configure:4876: result: yes
configure:4876: checking for unistd.h
configure:4876: g++ -c -g -O2  conftest.cpp >&5
configure:4876: $? = 0
configure:4876: result: yes
configure:4890: checking CL/cl.h usability
configure:4890: g++ -c -g -O2  conftest.cpp >&5
conftest.cpp:59:19: fatal error: CL/cl.h: No such file or directory
compilation terminated.
configure:4890: $? = 1
configure: failed program was:
| /* confdefs.h */
| #define PACKAGE_NAME "tesseract"
| #define PACKAGE_TARNAME "tesseract"
| #define PACKAGE_VERSION "4.00.00dev"
| #define PACKAGE_STRING "tesseract 4.00.00dev"
| #define PACKAGE_BUGREPORT "https://github.com/tesseract-ocr/tesseract/issues"
| #define PACKAGE_URL ""
| #define GIT_REV "4.00.00alpha-241-g6f83ba0"
| #define PACKAGE_NAME "tesseract"
| #define PACKAGE_VERSION "4.00.00dev"
| #define PACKAGE_YEAR "2016"
| #define PACKAGE_DATE "11/11"
| #define PACKAGE "tesseract"
| #define VERSION "4.00.00dev"
| #define STDC_HEADERS 1
| #define HAVE_SYS_TYPES_H 1
| #define HAVE_SYS_STAT_H 1
| #define HAVE_STDLIB_H 1
| #define HAVE_STRING_H 1
| #define HAVE_MEMORY_H 1
| #define HAVE_STRINGS_H 1
| #define HAVE_INTTYPES_H 1
| #define HAVE_STDINT_H 1
| #define HAVE_UNISTD_H 1
| /* end confdefs.h.  */
| #include <stdio.h>
| #ifdef HAVE_SYS_TYPES_H
| # include <sys/types.h>
| #endif
| #ifdef HAVE_SYS_STAT_H
| # include <sys/stat.h>
| #endif
| #ifdef STDC_HEADERS
| # include <stdlib.h>
| # include <stddef.h>
| #else
| # ifdef HAVE_STDLIB_H
| #  include <stdlib.h>
| # endif
| #endif
| #ifdef HAVE_STRING_H
| # if !defined STDC_HEADERS && defined HAVE_MEMORY_H
| #  include <memory.h>
| # endif
| # include <string.h>
| #endif
| #ifdef HAVE_STRINGS_H
| # include <strings.h>
| #endif
| #ifdef HAVE_INTTYPES_H
| # include <inttypes.h>
| #endif
| #ifdef HAVE_STDINT_H
| # include <stdint.h>
| #endif
| #ifdef HAVE_UNISTD_H
| # include <unistd.h>
| #endif
| #include <CL/cl.h>
configure:4890: result: no
configure:4890: checking CL/cl.h presence
configure:4890: g++ -E  conftest.cpp
conftest.cpp:26:19: fatal error: CL/cl.h: No such file or directory
compilation terminated.
configure:4890: $? = 1
configure: failed program was:
| /* confdefs.h */
| #define PACKAGE_NAME "tesseract"
| #define PACKAGE_TARNAME "tesseract"
| #define PACKAGE_VERSION "4.00.00dev"
| #define PACKAGE_STRING "tesseract 4.00.00dev"
| #define PACKAGE_BUGREPORT "https://github.com/tesseract-ocr/tesseract/issues"
| #define PACKAGE_URL ""
| #define GIT_REV "4.00.00alpha-241-g6f83ba0"
| #define PACKAGE_NAME "tesseract"
| #define PACKAGE_VERSION "4.00.00dev"
| #define PACKAGE_YEAR "2016"
| #define PACKAGE_DATE "11/11"
| #define PACKAGE "tesseract"
| #define VERSION "4.00.00dev"
| #define STDC_HEADERS 1
| #define HAVE_SYS_TYPES_H 1
| #define HAVE_SYS_STAT_H 1
| #define HAVE_STDLIB_H 1
| #define HAVE_STRING_H 1
| #define HAVE_MEMORY_H 1
| #define HAVE_STRINGS_H 1
| #define HAVE_INTTYPES_H 1
| #define HAVE_STDINT_H 1
| #define HAVE_UNISTD_H 1
| /* end confdefs.h.  */
| #include <CL/cl.h>
configure:4890: result: no
configure:4890: checking for CL/cl.h
configure:4890: result: no
configure:4900: checking OpenCL/cl.h usability
configure:4900: g++ -c -g -O2  conftest.cpp >&5
conftest.cpp:59:23: fatal error: OpenCL/cl.h: No such file or directory
compilation terminated.
configure:4900: $? = 1
configure: failed program was:
| /* confdefs.h */
| #define PACKAGE_NAME "tesseract"
| #define PACKAGE_TARNAME "tesseract"
| #define PACKAGE_VERSION "4.00.00dev"
| #define PACKAGE_STRING "tesseract 4.00.00dev"
| #define PACKAGE_BUGREPORT "https://github.com/tesseract-ocr/tesseract/issues"
| #define PACKAGE_URL ""
| #define GIT_REV "4.00.00alpha-241-g6f83ba0"
| #define PACKAGE_NAME "tesseract"
| #define PACKAGE_VERSION "4.00.00dev"
| #define PACKAGE_YEAR "2016"
| #define PACKAGE_DATE "11/11"
| #define PACKAGE "tesseract"
| #define VERSION "4.00.00dev"
| #define STDC_HEADERS 1
| #define HAVE_SYS_TYPES_H 1
| #define HAVE_SYS_STAT_H 1
| #define HAVE_STDLIB_H 1
| #define HAVE_STRING_H 1
| #define HAVE_MEMORY_H 1
| #define HAVE_STRINGS_H 1
| #define HAVE_INTTYPES_H 1
| #define HAVE_STDINT_H 1
| #define HAVE_UNISTD_H 1
| /* end confdefs.h.  */
| #include <stdio.h>
| #ifdef HAVE_SYS_TYPES_H
| # include <sys/types.h>
| #endif
| #ifdef HAVE_SYS_STAT_H
| # include <sys/stat.h>
| #endif
| #ifdef STDC_HEADERS
| # include <stdlib.h>
| # include <stddef.h>
| #else
| # ifdef HAVE_STDLIB_H
| #  include <stdlib.h>
| # endif
| #endif
| #ifdef HAVE_STRING_H
| # if !defined STDC_HEADERS && defined HAVE_MEMORY_H
| #  include <memory.h>
| # endif
| # include <string.h>
| #endif
| #ifdef HAVE_STRINGS_H
| # include <strings.h>
| #endif
| #ifdef HAVE_INTTYPES_H
| # include <inttypes.h>
| #endif
| #ifdef HAVE_STDINT_H
| # include <stdint.h>
| #endif
| #ifdef HAVE_UNISTD_H
| # include <unistd.h>
| #endif
| #include <OpenCL/cl.h>
configure:4900: result: no
configure:4900: checking OpenCL/cl.h presence
configure:4900: g++ -E  conftest.cpp
conftest.cpp:26:23: fatal error: OpenCL/cl.h: No such file or directory
compilation terminated.
configure:4900: $? = 1
configure: failed program was:
| /* confdefs.h */
| #define PACKAGE_NAME "tesseract"
| #define PACKAGE_TARNAME "tesseract"
| #define PACKAGE_VERSION "4.00.00dev"
| #define PACKAGE_STRING "tesseract 4.00.00dev"
| #define PACKAGE_BUGREPORT "https://github.com/tesseract-ocr/tesseract/issues"
| #define PACKAGE_URL ""
| #define GIT_REV "4.00.00alpha-241-g6f83ba0"
| #define PACKAGE_NAME "tesseract"
| #define PACKAGE_VERSION "4.00.00dev"
| #define PACKAGE_YEAR "2016"
| #define PACKAGE_DATE "11/11"
| #define PACKAGE "tesseract"
| #define VERSION "4.00.00dev"
| #define STDC_HEADERS 1
| #define HAVE_SYS_TYPES_H 1
| #define HAVE_SYS_STAT_H 1
| #define HAVE_STDLIB_H 1
| #define HAVE_STRING_H 1
| #define HAVE_MEMORY_H 1
| #define HAVE_STRINGS_H 1
| #define HAVE_INTTYPES_H 1
| #define HAVE_STDINT_H 1
| #define HAVE_UNISTD_H 1
| /* end confdefs.h.  */
| #include <OpenCL/cl.h>
configure:4900: result: no
configure:4900: checking for OpenCL/cl.h
configure:4900: result: no
configure:4921: checking tiffio.h usability
configure:4921: g++ -c -g -O2  conftest.cpp >&5
configure:4921: $? = 0
configure:4921: result: yes
configure:4921: checking tiffio.h presence
configure:4921: g++ -E  conftest.cpp
configure:4921: $? = 0
configure:4921: result: yes
configure:4921: checking for tiffio.h
configure:4921: result: yes
configure:4995: checking for clGetPlatformIDs in -lOpenCL
configure:5020: g++ -o conftest -g -O2   conftest.cpp -lOpenCL   >&5
/usr/bin/ld: cannot find -lOpenCL
collect2: error: ld returned 1 exit status
configure:5020: $? = 1
configure: failed program was:
| /* confdefs.h */
| #define PACKAGE_NAME "tesseract"
| #define PACKAGE_TARNAME "tesseract"
| #define PACKAGE_VERSION "4.00.00dev"
| #define PACKAGE_STRING "tesseract 4.00.00dev"
| #define PACKAGE_BUGREPORT "https://github.com/tesseract-ocr/tesseract/issues"
| #define PACKAGE_URL ""
| #define GIT_REV "4.00.00alpha-241-g6f83ba0"
| #define PACKAGE_NAME "tesseract"
| #define PACKAGE_VERSION "4.00.00dev"
| #define PACKAGE_YEAR "2016"
| #define PACKAGE_DATE "11/11"
| #define PACKAGE "tesseract"
| #define VERSION "4.00.00dev"
| #define STDC_HEADERS 1
| #define HAVE_SYS_TYPES_H 1
| #define HAVE_SYS_STAT_H 1
| #define HAVE_STDLIB_H 1
| #define HAVE_STRING_H 1
| #define HAVE_MEMORY_H 1
| #define HAVE_STRINGS_H 1
| #define HAVE_INTTYPES_H 1
| #define HAVE_STDINT_H 1
| #define HAVE_UNISTD_H 1
| #define HAVE_TIFFIO_H 1
| /* end confdefs.h.  */
| 
| /* Override any GCC internal prototype to avoid an error.
|    Use char because int might match the return type of a GCC
|    builtin and then its argument prototype would still apply.  */
| #ifdef __cplusplus
| extern "C"
| #endif
| char clGetPlatformIDs ();
| int
| main ()
| {
| return clGetPlatformIDs ();
|   ;
|   return 0;
| }
configure:5029: result: no
configure:5067: checking --enable-visibility argument
configure:5076: result: no
configure:5088: checking --enable-multiple-libraries argument
configure:5097: result: no
configure:5109: checking whether to use tessdata-prefix
configure:5118: result: yes
configure:5130: checking whether to enable debugging
configure:5139: result: yes
configure:5212: checking how to print strings
configure:5239: result: printf
configure:5308: checking for gcc
configure:5324: found /usr/bin/gcc
configure:5335: result: gcc
configure:5564: checking for C compiler version
configure:5573: gcc --version >&5
gcc (Ubuntu 5.4.0-6ubuntu1~16.04.4) 5.4.0 20160609
Copyright (C) 2015 Free Software Foundation, Inc.
This is free software; see the source for copying conditions.  There is NO
warranty; not even for MERCHANTABILITY or FITNESS FOR A PARTICULAR PURPOSE.

configure:5584: $? = 0
configure:5573: gcc -v >&5
Using built-in specs.
COLLECT_GCC=gcc
COLLECT_LTO_WRAPPER=/usr/lib/gcc/x86_64-linux-gnu/5/lto-wrapper
Target: x86_64-linux-gnu
Configured with: ../src/configure -v --with-pkgversion='Ubuntu 5.4.0-6ubuntu1~16.04.4' --with-bugurl=file:///usr/share/doc/gcc-5/README.Bugs --enable-languages=c,ada,c++,java,go,d,fortran,objc,obj-c++ --prefix=/usr --program-suffix=-5 --enable-shared --enable-linker-build-id --libexecdir=/usr/lib --without-included-gettext --enable-threads=posix --libdir=/usr/lib --enable-nls --with-sysroot=/ --enable-clocale=gnu --enable-libstdcxx-debug --enable-libstdcxx-time=yes --with-default-libstdcxx-abi=new --enable-gnu-unique-object --disable-vtable-verify --enable-libmpx --enable-plugin --with-system-zlib --disable-browser-plugin --enable-java-awt=gtk --enable-gtk-cairo --with-java-home=/usr/lib/jvm/java-1.5.0-gcj-5-amd64/jre --enable-java-home --with-jvm-root-dir=/usr/lib/jvm/java-1.5.0-gcj-5-amd64 --with-jvm-jar-dir=/usr/lib/jvm-exports/java-1.5.0-gcj-5-amd64 --with-arch-directory=amd64 --with-ecj-jar=/usr/share/java/eclipse-ecj.jar --enable-objc-gc --enable-multiarch --disable-werror --with-arch-32=i686 --with-abi=m64 --with-multilib-list=m32,m64,mx32 --enable-multilib --with-tune=generic --enable-checking=release --build=x86_64-linux-gnu --host=x86_64-linux-gnu --target=x86_64-linux-gnu
Thread model: posix
gcc version 5.4.0 20160609 (Ubuntu 5.4.0-6ubuntu1~16.04.4) 
configure:5584: $? = 0
configure:5573: gcc -V >&5
gcc: error: unrecognized command line option '-V'
gcc: fatal error: no input files
compilation terminated.
configure:5584: $? = 1
configure:5573: gcc -qversion >&5
gcc: error: unrecognized command line option '-qversion'
gcc: fatal error: no input files
compilation terminated.
configure:5584: $? = 1
configure:5588: checking whether we are using the GNU C compiler
configure:5607: gcc -c   conftest.c >&5
configure:5607: $? = 0
configure:5616: result: yes
configure:5625: checking whether gcc accepts -g
configure:5645: gcc -c -g  conftest.c >&5
configure:5645: $? = 0
configure:5686: result: yes
configure:5703: checking for gcc option to accept ISO C89
configure:5766: gcc  -c -g -O2  conftest.c >&5
configure:5766: $? = 0
configure:5779: result: none needed
configure:5804: checking whether gcc understands -c and -o together
configure:5826: gcc -c conftest.c -o conftest2.o
configure:5829: $? = 0
configure:5826: gcc -c conftest.c -o conftest2.o
configure:5829: $? = 0
configure:5841: result: yes
configure:5860: checking dependency style of gcc
configure:5971: result: gcc3
configure:5986: checking for a sed that does not truncate output
configure:6050: result: /bin/sed
configure:6068: checking for fgrep
configure:6130: result: /bin/grep -F
configure:6165: checking for ld used by gcc
configure:6232: result: /usr/bin/ld
configure:6239: checking if the linker (/usr/bin/ld) is GNU ld
configure:6254: result: yes
configure:6266: checking for BSD- or MS-compatible name lister (nm)
configure:6320: result: /usr/bin/nm -B
configure:6450: checking the name lister (/usr/bin/nm -B) interface
configure:6457: g++ -c -g -O2  conftest.cpp >&5
configure:6460: /usr/bin/nm -B "conftest.o"
configure:6463: output
0000000000000000 B some_variable
configure:6470: result: BSD nm
configure:6473: checking whether ln -s works
configure:6477: result: yes
configure:6485: checking the maximum length of command line arguments
configure:6616: result: 1572864
configure:6664: checking how to convert x86_64-pc-linux-gnu file names to x86_64-pc-linux-gnu format
configure:6704: result: func_convert_file_noop
configure:6711: checking how to convert x86_64-pc-linux-gnu file names to toolchain format
configure:6731: result: func_convert_file_noop
configure:6738: checking for /usr/bin/ld option to reload object files
configure:6745: result: -r
configure:6819: checking for objdump
configure:6835: found /usr/bin/objdump
configure:6846: result: objdump
configure:6878: checking how to recognize dependent libraries
configure:7078: result: pass_all
configure:7163: checking for dlltool
configure:7193: result: no
configure:7223: checking how to associate runtime and link libraries
configure:7250: result: printf %s\n
configure:7310: checking for ar
configure:7326: found /usr/bin/ar
configure:7337: result: ar
configure:7374: checking for archiver @FILE support
configure:7391: g++ -c -g -O2  conftest.cpp >&5
configure:7391: $? = 0
configure:7394: ar cru libconftest.a @conftest.lst >&5
ar: `u' modifier ignored since `D' is the default (see `U')
configure:7397: $? = 0
configure:7402: ar cru libconftest.a @conftest.lst >&5
ar: `u' modifier ignored since `D' is the default (see `U')
ar: conftest.o: No such file or directory
configure:7405: $? = 1
configure:7417: result: @
configure:7475: checking for strip
configure:7491: found /usr/bin/strip
configure:7502: result: strip
configure:7574: checking for ranlib
configure:7590: found /usr/bin/ranlib
configure:7601: result: ranlib
configure:7703: checking command to parse /usr/bin/nm -B output from gcc object
configure:7856: g++ -c -g -O2  conftest.cpp >&5
configure:7859: $? = 0
configure:7863: /usr/bin/nm -B conftest.o \| sed -n -e 's/^.*[ ]\([ABCDGIRSTW][ABCDGIRSTW]*\)[ ][ ]*\([_A-Za-z][_A-Za-z0-9]*\)$/\1 \2 \2/p' | sed '/ __gnu_lto/d' \> conftest.nm
configure:7866: $? = 0
configure:7932: g++ -o conftest -g -O2   conftest.cpp conftstm.o >&5
configure:7935: $? = 0
configure:7973: result: ok
configure:8020: checking for sysroot
configure:8050: result: no
configure:8057: checking for a working dd
configure:8095: result: /bin/dd
configure:8099: checking how to truncate binary pipes
configure:8114: result: /bin/dd bs=4096 count=1
configure:8251: g++ -c -g -O2  conftest.cpp >&5
configure:8254: $? = 0
configure:8444: checking for mt
configure:8460: found /bin/mt
configure:8471: result: mt
configure:8494: checking if mt is a manifest tool
configure:8500: mt '-?'
configure:8508: result: no
configure:9182: checking for dlfcn.h
configure:9182: g++ -c -g -O2  conftest.cpp >&5
configure:9182: $? = 0
configure:9182: result: yes
configure:9448: checking for objdir
configure:9463: result: .libs
configure:9727: checking if gcc supports -fno-rtti -fno-exceptions
configure:9745: gcc -c -g -O2  -fno-rtti -fno-exceptions conftest.c >&5
cc1: warning: command line option '-fno-rtti' is valid for C++/ObjC++ but not for C
configure:9749: $? = 0
configure:9762: result: no
configure:10120: checking for gcc option to produce PIC
configure:10127: result: -fPIC -DPIC
configure:10135: checking if gcc PIC flag -fPIC -DPIC works
configure:10153: gcc -c -g -O2  -fPIC -DPIC -DPIC conftest.c >&5
configure:10157: $? = 0
configure:10170: result: yes
configure:10199: checking if gcc static flag -static works
configure:10227: result: yes
configure:10242: checking if gcc supports -c -o file.o
configure:10263: gcc -c -g -O2  -o out/conftest2.o conftest.c >&5
configure:10267: $? = 0
configure:10289: result: yes
configure:10297: checking if gcc supports -c -o file.o
configure:10344: result: yes
configure:10377: checking whether the gcc linker (/usr/bin/ld -m elf_x86_64) supports shared libraries
configure:11640: result: yes
configure:11677: checking whether -lc should be explicitly linked in
configure:11685: gcc -c -g -O2  conftest.c >&5
configure:11688: $? = 0
configure:11703: gcc -shared  -fPIC -DPIC conftest.o  -v -Wl,-soname -Wl,conftest -o conftest 2\>\&1 \| /bin/grep  -lc  \>/dev/null 2\>\&1
configure:11706: $? = 0
configure:11720: result: no
configure:11880: checking dynamic linker characteristics
configure:12461: gcc -o conftest -g -O2   -Wl,-rpath -Wl,/foo conftest.c  >&5
configure:12461: $? = 0
configure:12710: result: GNU/Linux ld.so
configure:12832: checking how to hardcode library paths into programs
configure:12857: result: immediate
configure:13405: checking whether stripping libraries is possible
configure:13410: result: yes
configure:13445: checking if libtool supports shared libraries
configure:13447: result: yes
configure:13450: checking whether to build shared libraries
configure:13475: result: yes
configure:13478: checking whether to build static libraries
configure:13482: result: yes
configure:13505: checking how to run the C++ preprocessor
configure:13571: result: g++ -E
configure:13591: g++ -E  conftest.cpp
configure:13591: $? = 0
configure:13605: g++ -E  conftest.cpp
conftest.cpp:29:28: fatal error: ac_nonexistent.h: No such file or directory
compilation terminated.
configure:13605: $? = 1
configure: failed program was:
| /* confdefs.h */
| #define PACKAGE_NAME "tesseract"
| #define PACKAGE_TARNAME "tesseract"
| #define PACKAGE_VERSION "4.00.00dev"
| #define PACKAGE_STRING "tesseract 4.00.00dev"
| #define PACKAGE_BUGREPORT "https://github.com/tesseract-ocr/tesseract/issues"
| #define PACKAGE_URL ""
| #define GIT_REV "4.00.00alpha-241-g6f83ba0"
| #define PACKAGE_NAME "tesseract"
| #define PACKAGE_VERSION "4.00.00dev"
| #define PACKAGE_YEAR "2016"
| #define PACKAGE_DATE "11/11"
| #define PACKAGE "tesseract"
| #define VERSION "4.00.00dev"
| #define STDC_HEADERS 1
| #define HAVE_SYS_TYPES_H 1
| #define HAVE_SYS_STAT_H 1
| #define HAVE_STDLIB_H 1
| #define HAVE_STRING_H 1
| #define HAVE_MEMORY_H 1
| #define HAVE_STRINGS_H 1
| #define HAVE_INTTYPES_H 1
| #define HAVE_STDINT_H 1
| #define HAVE_UNISTD_H 1
| #define HAVE_TIFFIO_H 1
| #define HAVE_DLFCN_H 1
| #define LT_OBJDIR ".libs/"
| /* end confdefs.h.  */
| #include <ac_nonexistent.h>
configure:13767: checking for ld used by g++
configure:13834: result: /usr/bin/ld -m elf_x86_64
configure:13841: checking if the linker (/usr/bin/ld -m elf_x86_64) is GNU ld
configure:13856: result: yes
configure:13911: checking whether the g++ linker (/usr/bin/ld -m elf_x86_64) supports shared libraries
configure:14984: result: yes
configure:15020: g++ -c -g -O2  conftest.cpp >&5
configure:15023: $? = 0
configure:15504: checking for g++ option to produce PIC
configure:15511: result: -fPIC -DPIC
configure:15519: checking if g++ PIC flag -fPIC -DPIC works
configure:15537: g++ -c -g -O2  -fPIC -DPIC -DPIC conftest.cpp >&5
configure:15541: $? = 0
configure:15554: result: yes
configure:15577: checking if g++ static flag -static works
configure:15605: result: yes
configure:15617: checking if g++ supports -c -o file.o
configure:15638: g++ -c -g -O2  -o out/conftest2.o conftest.cpp >&5
configure:15642: $? = 0
configure:15664: result: yes
configure:15669: checking if g++ supports -c -o file.o
configure:15716: result: yes
configure:15746: checking whether the g++ linker (/usr/bin/ld -m elf_x86_64) supports shared libraries
configure:15789: result: yes
configure:15930: checking dynamic linker characteristics
configure:16687: result: GNU/Linux ld.so
configure:16752: checking how to hardcode library paths into programs
configure:16777: result: immediate
configure:16846: checking whether byte ordering is bigendian
configure:16861: g++ -c -g -O2  conftest.cpp >&5
conftest.cpp:30:9: error: expected unqualified-id before 'not' token
         not a universal capable compiler
         ^
configure:16861: $? = 1
configure: failed program was:
| /* confdefs.h */
| #define PACKAGE_NAME "tesseract"
| #define PACKAGE_TARNAME "tesseract"
| #define PACKAGE_VERSION "4.00.00dev"
| #define PACKAGE_STRING "tesseract 4.00.00dev"
| #define PACKAGE_BUGREPORT "https://github.com/tesseract-ocr/tesseract/issues"
| #define PACKAGE_URL ""
| #define GIT_REV "4.00.00alpha-241-g6f83ba0"
| #define PACKAGE_NAME "tesseract"
| #define PACKAGE_VERSION "4.00.00dev"
| #define PACKAGE_YEAR "2016"
| #define PACKAGE_DATE "11/11"
| #define PACKAGE "tesseract"
| #define VERSION "4.00.00dev"
| #define STDC_HEADERS 1
| #define HAVE_SYS_TYPES_H 1
| #define HAVE_SYS_STAT_H 1
| #define HAVE_STDLIB_H 1
| #define HAVE_STRING_H 1
| #define HAVE_MEMORY_H 1
| #define HAVE_STRINGS_H 1
| #define HAVE_INTTYPES_H 1
| #define HAVE_STDINT_H 1
| #define HAVE_UNISTD_H 1
| #define HAVE_TIFFIO_H 1
| #define HAVE_DLFCN_H 1
| #define LT_OBJDIR ".libs/"
| /* end confdefs.h.  */
| #ifndef __APPLE_CC__
| 	       not a universal capable compiler
| 	     #endif
| 	     typedef int dummy;
| 
configure:16906: g++ -c -g -O2  conftest.cpp >&5
configure:16906: $? = 0
configure:16924: g++ -c -g -O2  conftest.cpp >&5
conftest.cpp: In function 'int main()':
conftest.cpp:36:8: error: 'big' was not declared in this scope
    not big endian
        ^
configure:16924: $? = 1
configure: failed program was:
| /* confdefs.h */
| #define PACKAGE_NAME "tesseract"
| #define PACKAGE_TARNAME "tesseract"
| #define PACKAGE_VERSION "4.00.00dev"
| #define PACKAGE_STRING "tesseract 4.00.00dev"
| #define PACKAGE_BUGREPORT "https://github.com/tesseract-ocr/tesseract/issues"
| #define PACKAGE_URL ""
| #define GIT_REV "4.00.00alpha-241-g6f83ba0"
| #define PACKAGE_NAME "tesseract"
| #define PACKAGE_VERSION "4.00.00dev"
| #define PACKAGE_YEAR "2016"
| #define PACKAGE_DATE "11/11"
| #define PACKAGE "tesseract"
| #define VERSION "4.00.00dev"
| #define STDC_HEADERS 1
| #define HAVE_SYS_TYPES_H 1
| #define HAVE_SYS_STAT_H 1
| #define HAVE_STDLIB_H 1
| #define HAVE_STRING_H 1
| #define HAVE_MEMORY_H 1
| #define HAVE_STRINGS_H 1
| #define HAVE_INTTYPES_H 1
| #define HAVE_STDINT_H 1
| #define HAVE_UNISTD_H 1
| #define HAVE_TIFFIO_H 1
| #define HAVE_DLFCN_H 1
| #define LT_OBJDIR ".libs/"
| /* end confdefs.h.  */
| #include <sys/types.h>
| 		#include <sys/param.h>
| 
| int
| main ()
| {
| #if BYTE_ORDER != BIG_ENDIAN
| 		 not big endian
| 		#endif
| 
|   ;
|   return 0;
| }
configure:17052: result: no
configure:17092: checking if compiling with clang
configure:17109: g++ -c -g -O2  conftest.cpp >&5
conftest.cpp: In function 'int main()':
conftest.cpp:35:12: error: 'clang' was not declared in this scope
        not clang
            ^
configure:17109: $? = 1
configure: failed program was:
| /* confdefs.h */
| #define PACKAGE_NAME "tesseract"
| #define PACKAGE_TARNAME "tesseract"
| #define PACKAGE_VERSION "4.00.00dev"
| #define PACKAGE_STRING "tesseract 4.00.00dev"
| #define PACKAGE_BUGREPORT "https://github.com/tesseract-ocr/tesseract/issues"
| #define PACKAGE_URL ""
| #define GIT_REV "4.00.00alpha-241-g6f83ba0"
| #define PACKAGE_NAME "tesseract"
| #define PACKAGE_VERSION "4.00.00dev"
| #define PACKAGE_YEAR "2016"
| #define PACKAGE_DATE "11/11"
| #define PACKAGE "tesseract"
| #define VERSION "4.00.00dev"
| #define STDC_HEADERS 1
| #define HAVE_SYS_TYPES_H 1
| #define HAVE_SYS_STAT_H 1
| #define HAVE_STDLIB_H 1
| #define HAVE_STRING_H 1
| #define HAVE_MEMORY_H 1
| #define HAVE_STRINGS_H 1
| #define HAVE_INTTYPES_H 1
| #define HAVE_STDINT_H 1
| #define HAVE_UNISTD_H 1
| #define HAVE_TIFFIO_H 1
| #define HAVE_DLFCN_H 1
| #define LT_OBJDIR ".libs/"
| /* end confdefs.h.  */
| 
| int
| main ()
| {
| 
| #ifndef __clang__
|        not clang
| #endif
| 
|   ;
|   return 0;
| }
configure:17116: result: no
configure:17121: checking whether compiler supports C++11
configure:17135: g++ -c -g -O2 -std=c++11  conftest.cpp >&5
configure:17135: $? = 0
configure:17137: result: yes
configure:17151: checking for snprintf
configure:17151: g++ -o conftest -g -O2 -std=c++11   conftest.cpp  >&5
configure:17151: $? = 0
configure:17151: result: yes
configure:17168: checking for library containing sem_init
configure:17199: g++ -o conftest -g -O2   conftest.cpp  >&5
/tmp/ccxnG9ty.o: In function `main':
/home/srq/Installations/tesseract/conftest.cpp:41: undefined reference to `sem_init'
collect2: error: ld returned 1 exit status
configure:17199: $? = 1
configure: failed program was:
| /* confdefs.h */
| #define PACKAGE_NAME "tesseract"
| #define PACKAGE_TARNAME "tesseract"
| #define PACKAGE_VERSION "4.00.00dev"
| #define PACKAGE_STRING "tesseract 4.00.00dev"
| #define PACKAGE_BUGREPORT "https://github.com/tesseract-ocr/tesseract/issues"
| #define PACKAGE_URL ""
| #define GIT_REV "4.00.00alpha-241-g6f83ba0"
| #define PACKAGE_NAME "tesseract"
| #define PACKAGE_VERSION "4.00.00dev"
| #define PACKAGE_YEAR "2016"
| #define PACKAGE_DATE "11/11"
| #define PACKAGE "tesseract"
| #define VERSION "4.00.00dev"
| #define STDC_HEADERS 1
| #define HAVE_SYS_TYPES_H 1
| #define HAVE_SYS_STAT_H 1
| #define HAVE_STDLIB_H 1
| #define HAVE_STRING_H 1
| #define HAVE_MEMORY_H 1
| #define HAVE_STRINGS_H 1
| #define HAVE_INTTYPES_H 1
| #define HAVE_STDINT_H 1
| #define HAVE_UNISTD_H 1
| #define HAVE_TIFFIO_H 1
| #define HAVE_DLFCN_H 1
| #define LT_OBJDIR ".libs/"
| #define HAVE_SNPRINTF 1
| /* end confdefs.h.  */
| 
| /* Override any GCC internal prototype to avoid an error.
|    Use char because int might match the return type of a GCC
|    builtin and then its argument prototype would still apply.  */
| #ifdef __cplusplus
| extern "C"
| #endif
| char sem_init ();
| int
| main ()
| {
| return sem_init ();
|   ;
|   return 0;
| }
configure:17199: g++ -o conftest -g -O2   conftest.cpp -lpthread   >&5
configure:17199: $? = 0
configure:17216: result: -lpthread
configure:17230: checking for ANSI C header files
configure:17334: result: yes
configure:17342: checking whether time.h and sys/time.h may both be included
configure:17362: g++ -c -g -O2  conftest.cpp >&5
configure:17362: $? = 0
configure:17369: result: yes
configure:17377: checking for sys/wait.h that is POSIX.1 compatible
configure:17403: g++ -c -g -O2  conftest.cpp >&5
configure:17403: $? = 0
configure:17410: result: yes
configure:17421: checking sys/ipc.h usability
configure:17421: g++ -c -g -O2  conftest.cpp >&5
configure:17421: $? = 0
configure:17421: result: yes
configure:17421: checking sys/ipc.h presence
configure:17421: g++ -E  conftest.cpp
configure:17421: $? = 0
configure:17421: result: yes
configure:17421: checking for sys/ipc.h
configure:17421: result: yes
configure:17421: checking sys/shm.h usability
configure:17421: g++ -c -g -O2  conftest.cpp >&5
configure:17421: $? = 0
configure:17421: result: yes
configure:17421: checking sys/shm.h presence
configure:17421: g++ -E  conftest.cpp
configure:17421: $? = 0
configure:17421: result: yes
configure:17421: checking for sys/shm.h
configure:17421: result: yes
configure:17434: checking limits.h usability
configure:17434: g++ -c -g -O2  conftest.cpp >&5
configure:17434: $? = 0
configure:17434: result: yes
configure:17434: checking limits.h presence
configure:17434: g++ -E  conftest.cpp
configure:17434: $? = 0
configure:17434: result: yes
configure:17434: checking for limits.h
configure:17434: result: yes
configure:17434: checking malloc.h usability
configure:17434: g++ -c -g -O2  conftest.cpp >&5
configure:17434: $? = 0
configure:17434: result: yes
configure:17434: checking malloc.h presence
configure:17434: g++ -E  conftest.cpp
configure:17434: $? = 0
configure:17434: result: yes
configure:17434: checking for malloc.h
configure:17434: result: yes
configure:17445: checking for stdbool.h that conforms to C99
configure:17512: g++ -c -g -O2  conftest.cpp >&5
configure:17512: $? = 0
configure:17519: result: yes
configure:17521: checking for _Bool
configure:17521: g++ -c -g -O2  conftest.cpp >&5
conftest.cpp: In function 'int main()':
conftest.cpp:73:13: error: '_Bool' was not declared in this scope
 if (sizeof (_Bool))
             ^
configure:17521: $? = 1
configure: failed program was:
| /* confdefs.h */
| #define PACKAGE_NAME "tesseract"
| #define PACKAGE_TARNAME "tesseract"
| #define PACKAGE_VERSION "4.00.00dev"
| #define PACKAGE_STRING "tesseract 4.00.00dev"
| #define PACKAGE_BUGREPORT "https://github.com/tesseract-ocr/tesseract/issues"
| #define PACKAGE_URL ""
| #define GIT_REV "4.00.00alpha-241-g6f83ba0"
| #define PACKAGE_NAME "tesseract"
| #define PACKAGE_VERSION "4.00.00dev"
| #define PACKAGE_YEAR "2016"
| #define PACKAGE_DATE "11/11"
| #define PACKAGE "tesseract"
| #define VERSION "4.00.00dev"
| #define STDC_HEADERS 1
| #define HAVE_SYS_TYPES_H 1
| #define HAVE_SYS_STAT_H 1
| #define HAVE_STDLIB_H 1
| #define HAVE_STRING_H 1
| #define HAVE_MEMORY_H 1
| #define HAVE_STRINGS_H 1
| #define HAVE_INTTYPES_H 1
| #define HAVE_STDINT_H 1
| #define HAVE_UNISTD_H 1
| #define HAVE_TIFFIO_H 1
| #define HAVE_DLFCN_H 1
| #define LT_OBJDIR ".libs/"
| #define HAVE_SNPRINTF 1
| #define STDC_HEADERS 1
| #define TIME_WITH_SYS_TIME 1
| #define HAVE_SYS_WAIT_H 1
| #define HAVE_SYS_IPC_H 1
| #define HAVE_SYS_SHM_H 1
| #define HAVE_LIMITS_H 1
| #define HAVE_MALLOC_H 1
| /* end confdefs.h.  */
| #include <stdio.h>
| #ifdef HAVE_SYS_TYPES_H
| # include <sys/types.h>
| #endif
| #ifdef HAVE_SYS_STAT_H
| # include <sys/stat.h>
| #endif
| #ifdef STDC_HEADERS
| # include <stdlib.h>
| # include <stddef.h>
| #else
| # ifdef HAVE_STDLIB_H
| #  include <stdlib.h>
| # endif
| #endif
| #ifdef HAVE_STRING_H
| # if !defined STDC_HEADERS && defined HAVE_MEMORY_H
| #  include <memory.h>
| # endif
| # include <string.h>
| #endif
| #ifdef HAVE_STRINGS_H
| # include <strings.h>
| #endif
| #ifdef HAVE_INTTYPES_H
| # include <inttypes.h>
| #endif
| #ifdef HAVE_STDINT_H
| # include <stdint.h>
| #endif
| #ifdef HAVE_UNISTD_H
| # include <unistd.h>
| #endif
| int
| main ()
| {
| if (sizeof (_Bool))
| 	 return 0;
|   ;
|   return 0;
| }
configure:17521: result: no
configure:17540: checking whether #! works in shell scripts
configure:17557: result: yes
configure:17568: checking for special C compiler options needed for large files
configure:17613: result: no
configure:17619: checking for _FILE_OFFSET_BITS value needed for large files
configure:17644: g++ -c -g -O2  conftest.cpp >&5
configure:17644: $? = 0
configure:17676: result: no
configure:17764: checking for getline
configure:17764: g++ -o conftest -g -O2   conftest.cpp -lpthread  >&5
configure:17764: $? = 0
configure:17764: result: yes
configure:17778: checking for wchar_t
configure:17778: g++ -c -g -O2  conftest.cpp >&5
configure:17778: $? = 0
configure:17778: g++ -c -g -O2  conftest.cpp >&5
conftest.cpp: In function 'int main()':
conftest.cpp:44:14: error: expected primary-expression before 'wchar_t'
 if (sizeof ((wchar_t)))
              ^
conftest.cpp:44:14: error: expected ')' before 'wchar_t'
conftest.cpp:45:14: error: expected ')' before ';' token
      return 0;
              ^
conftest.cpp:45:14: error: expected ')' before ';' token
configure:17778: $? = 1
configure: failed program was:
| /* confdefs.h */
| #define PACKAGE_NAME "tesseract"
| #define PACKAGE_TARNAME "tesseract"
| #define PACKAGE_VERSION "4.00.00dev"
| #define PACKAGE_STRING "tesseract 4.00.00dev"
| #define PACKAGE_BUGREPORT "https://github.com/tesseract-ocr/tesseract/issues"
| #define PACKAGE_URL ""
| #define GIT_REV "4.00.00alpha-241-g6f83ba0"
| #define PACKAGE_NAME "tesseract"
| #define PACKAGE_VERSION "4.00.00dev"
| #define PACKAGE_YEAR "2016"
| #define PACKAGE_DATE "11/11"
| #define PACKAGE "tesseract"
| #define VERSION "4.00.00dev"
| #define STDC_HEADERS 1
| #define HAVE_SYS_TYPES_H 1
| #define HAVE_SYS_STAT_H 1
| #define HAVE_STDLIB_H 1
| #define HAVE_STRING_H 1
| #define HAVE_MEMORY_H 1
| #define HAVE_STRINGS_H 1
| #define HAVE_INTTYPES_H 1
| #define HAVE_STDINT_H 1
| #define HAVE_UNISTD_H 1
| #define HAVE_TIFFIO_H 1
| #define HAVE_DLFCN_H 1
| #define LT_OBJDIR ".libs/"
| #define HAVE_SNPRINTF 1
| #define STDC_HEADERS 1
| #define TIME_WITH_SYS_TIME 1
| #define HAVE_SYS_WAIT_H 1
| #define HAVE_SYS_IPC_H 1
| #define HAVE_SYS_SHM_H 1
| #define HAVE_LIMITS_H 1
| #define HAVE_MALLOC_H 1
| #define HAVE_STDBOOL_H 1
| #define HAVE_GETLINE 1
| /* end confdefs.h.  */
| #include "wchar.h"
| 
| int
| main ()
| {
| if (sizeof ((wchar_t)))
| 	    return 0;
|   ;
|   return 0;
| }
configure:17778: result: yes
configure:17789: checking for long long int
configure:17789: g++ -c -g -O2  conftest.cpp >&5
configure:17789: $? = 0
configure:17789: g++ -c -g -O2  conftest.cpp >&5
conftest.cpp: In function 'int main()':
conftest.cpp:76:14: error: expected primary-expression before 'long'
 if (sizeof ((long long int)))
              ^
conftest.cpp:76:14: error: expected ')' before 'long'
conftest.cpp:77:14: error: expected ')' before ';' token
      return 0;
              ^
conftest.cpp:77:14: error: expected ')' before ';' token
configure:17789: $? = 1
configure: failed program was:
| /* confdefs.h */
| #define PACKAGE_NAME "tesseract"
| #define PACKAGE_TARNAME "tesseract"
| #define PACKAGE_VERSION "4.00.00dev"
| #define PACKAGE_STRING "tesseract 4.00.00dev"
| #define PACKAGE_BUGREPORT "https://github.com/tesseract-ocr/tesseract/issues"
| #define PACKAGE_URL ""
| #define GIT_REV "4.00.00alpha-241-g6f83ba0"
| #define PACKAGE_NAME "tesseract"
| #define PACKAGE_VERSION "4.00.00dev"
| #define PACKAGE_YEAR "2016"
| #define PACKAGE_DATE "11/11"
| #define PACKAGE "tesseract"
| #define VERSION "4.00.00dev"
| #define STDC_HEADERS 1
| #define HAVE_SYS_TYPES_H 1
| #define HAVE_SYS_STAT_H 1
| #define HAVE_STDLIB_H 1
| #define HAVE_STRING_H 1
| #define HAVE_MEMORY_H 1
| #define HAVE_STRINGS_H 1
| #define HAVE_INTTYPES_H 1
| #define HAVE_STDINT_H 1
| #define HAVE_UNISTD_H 1
| #define HAVE_TIFFIO_H 1
| #define HAVE_DLFCN_H 1
| #define LT_OBJDIR ".libs/"
| #define HAVE_SNPRINTF 1
| #define STDC_HEADERS 1
| #define TIME_WITH_SYS_TIME 1
| #define HAVE_SYS_WAIT_H 1
| #define HAVE_SYS_IPC_H 1
| #define HAVE_SYS_SHM_H 1
| #define HAVE_LIMITS_H 1
| #define HAVE_MALLOC_H 1
| #define HAVE_STDBOOL_H 1
| #define HAVE_GETLINE 1
| #define HAVE_WCHAR_T 1
| /* end confdefs.h.  */
| #include <stdio.h>
| #ifdef HAVE_SYS_TYPES_H
| # include <sys/types.h>
| #endif
| #ifdef HAVE_SYS_STAT_H
| # include <sys/stat.h>
| #endif
| #ifdef STDC_HEADERS
| # include <stdlib.h>
| # include <stddef.h>
| #else
| # ifdef HAVE_STDLIB_H
| #  include <stdlib.h>
| # endif
| #endif
| #ifdef HAVE_STRING_H
| # if !defined STDC_HEADERS && defined HAVE_MEMORY_H
| #  include <memory.h>
| # endif
| # include <string.h>
| #endif
| #ifdef HAVE_STRINGS_H
| # include <strings.h>
| #endif
| #ifdef HAVE_INTTYPES_H
| # include <inttypes.h>
| #endif
| #ifdef HAVE_STDINT_H
| # include <stdint.h>
| #endif
| #ifdef HAVE_UNISTD_H
| # include <unistd.h>
| #endif
| int
| main ()
| {
| if (sizeof ((long long int)))
| 	    return 0;
|   ;
|   return 0;
| }
configure:17789: result: yes
configure:17799: checking for off_t
configure:17799: g++ -c -g -O2  conftest.cpp >&5
configure:17799: $? = 0
configure:17799: g++ -c -g -O2  conftest.cpp >&5
conftest.cpp: In function 'int main()':
conftest.cpp:46:19: error: expected primary-expression before ')' token
 if (sizeof ((off_t)))
                   ^
configure:17799: $? = 1
configure: failed program was:
| /* confdefs.h */
| #define PACKAGE_NAME "tesseract"
| #define PACKAGE_TARNAME "tesseract"
| #define PACKAGE_VERSION "4.00.00dev"
| #define PACKAGE_STRING "tesseract 4.00.00dev"
| #define PACKAGE_BUGREPORT "https://github.com/tesseract-ocr/tesseract/issues"
| #define PACKAGE_URL ""
| #define GIT_REV "4.00.00alpha-241-g6f83ba0"
| #define PACKAGE_NAME "tesseract"
| #define PACKAGE_VERSION "4.00.00dev"
| #define PACKAGE_YEAR "2016"
| #define PACKAGE_DATE "11/11"
| #define PACKAGE "tesseract"
| #define VERSION "4.00.00dev"
| #define STDC_HEADERS 1
| #define HAVE_SYS_TYPES_H 1
| #define HAVE_SYS_STAT_H 1
| #define HAVE_STDLIB_H 1
| #define HAVE_STRING_H 1
| #define HAVE_MEMORY_H 1
| #define HAVE_STRINGS_H 1
| #define HAVE_INTTYPES_H 1
| #define HAVE_STDINT_H 1
| #define HAVE_UNISTD_H 1
| #define HAVE_TIFFIO_H 1
| #define HAVE_DLFCN_H 1
| #define LT_OBJDIR ".libs/"
| #define HAVE_SNPRINTF 1
| #define STDC_HEADERS 1
| #define TIME_WITH_SYS_TIME 1
| #define HAVE_SYS_WAIT_H 1
| #define HAVE_SYS_IPC_H 1
| #define HAVE_SYS_SHM_H 1
| #define HAVE_LIMITS_H 1
| #define HAVE_MALLOC_H 1
| #define HAVE_STDBOOL_H 1
| #define HAVE_GETLINE 1
| #define HAVE_WCHAR_T 1
| #define HAVE_LONG_LONG_INT 1
| /* end confdefs.h.  */
| #include "sys/types.h"
| 
| int
| main ()
| {
| if (sizeof ((off_t)))
| 	    return 0;
|   ;
|   return 0;
| }
configure:17799: result: yes
configure:17810: checking for mbstate_t
configure:17810: g++ -c -g -O2  conftest.cpp >&5
configure:17810: $? = 0
configure:17810: g++ -c -g -O2  conftest.cpp >&5
conftest.cpp: In function 'int main()':
conftest.cpp:47:23: error: expected primary-expression before ')' token
 if (sizeof ((mbstate_t)))
                       ^
configure:17810: $? = 1
configure: failed program was:
| /* confdefs.h */
| #define PACKAGE_NAME "tesseract"
| #define PACKAGE_TARNAME "tesseract"
| #define PACKAGE_VERSION "4.00.00dev"
| #define PACKAGE_STRING "tesseract 4.00.00dev"
| #define PACKAGE_BUGREPORT "https://github.com/tesseract-ocr/tesseract/issues"
| #define PACKAGE_URL ""
| #define GIT_REV "4.00.00alpha-241-g6f83ba0"
| #define PACKAGE_NAME "tesseract"
| #define PACKAGE_VERSION "4.00.00dev"
| #define PACKAGE_YEAR "2016"
| #define PACKAGE_DATE "11/11"
| #define PACKAGE "tesseract"
| #define VERSION "4.00.00dev"
| #define STDC_HEADERS 1
| #define HAVE_SYS_TYPES_H 1
| #define HAVE_SYS_STAT_H 1
| #define HAVE_STDLIB_H 1
| #define HAVE_STRING_H 1
| #define HAVE_MEMORY_H 1
| #define HAVE_STRINGS_H 1
| #define HAVE_INTTYPES_H 1
| #define HAVE_STDINT_H 1
| #define HAVE_UNISTD_H 1
| #define HAVE_TIFFIO_H 1
| #define HAVE_DLFCN_H 1
| #define LT_OBJDIR ".libs/"
| #define HAVE_SNPRINTF 1
| #define STDC_HEADERS 1
| #define TIME_WITH_SYS_TIME 1
| #define HAVE_SYS_WAIT_H 1
| #define HAVE_SYS_IPC_H 1
| #define HAVE_SYS_SHM_H 1
| #define HAVE_LIMITS_H 1
| #define HAVE_MALLOC_H 1
| #define HAVE_STDBOOL_H 1
| #define HAVE_GETLINE 1
| #define HAVE_WCHAR_T 1
| #define HAVE_LONG_LONG_INT 1
| #define HAVE_OFF_T 1
| /* end confdefs.h.  */
| #include "wchar.h"
| 
| int
| main ()
| {
| if (sizeof ((mbstate_t)))
| 	    return 0;
|   ;
|   return 0;
| }
configure:17810: result: yes
configure:17880: checking for pkg-config
configure:17898: found /usr/bin/pkg-config
configure:17910: result: /usr/bin/pkg-config
configure:17935: checking pkg-config is at least version 0.9.0
configure:17938: result: yes
configure:17948: checking for LEPTONICA
configure:17955: $PKG_CONFIG --exists --print-errors "lept >= 1.74"
configure:17958: $? = 0
configure:17972: $PKG_CONFIG --exists --print-errors "lept >= 1.74"
configure:17975: $? = 0
configure:18013: result: yes
configure:18036: checking for ICU_UC
configure:18043: $PKG_CONFIG --exists --print-errors "icu-uc"
configure:18046: $? = 0
configure:18060: $PKG_CONFIG --exists --print-errors "icu-uc"
configure:18063: $? = 0
configure:18101: result: yes
configure:18107: checking for ICU_I18N
configure:18114: $PKG_CONFIG --exists --print-errors "icu-i18n"
configure:18117: $? = 0
configure:18131: $PKG_CONFIG --exists --print-errors "icu-i18n"
configure:18134: $? = 0
configure:18172: result: yes
configure:18212: checking for pango
configure:18219: $PKG_CONFIG --exists --print-errors "pango"
configure:18222: $? = 0
configure:18236: $PKG_CONFIG --exists --print-errors "pango"
configure:18239: $? = 0
configure:18277: result: yes
configure:18301: checking for cairo
configure:18308: $PKG_CONFIG --exists --print-errors "cairo"
configure:18311: $? = 0
configure:18325: $PKG_CONFIG --exists --print-errors "cairo"
configure:18328: $? = 0
configure:18366: result: yes
configure:18587: checking that generated files are newer than configure
configure:18593: result: done
configure:18729: creating ./config.status

## ---------------- ##
## Cache variables. ##
## ---------------- ##

ac_cv_build=x86_64-pc-linux-gnu
ac_cv_c_bigendian=no
ac_cv_c_compiler_gnu=yes
ac_cv_cxx_compiler_gnu=yes
ac_cv_env_CCC_set=
ac_cv_env_CCC_value=
ac_cv_env_CC_set=
ac_cv_env_CC_value=
ac_cv_env_CFLAGS_set=
ac_cv_env_CFLAGS_value=
ac_cv_env_CPPFLAGS_set=
ac_cv_env_CPPFLAGS_value=
ac_cv_env_CXXCPP_set=
ac_cv_env_CXXCPP_value=
ac_cv_env_CXXFLAGS_set=
ac_cv_env_CXXFLAGS_value=
ac_cv_env_CXX_set=
ac_cv_env_CXX_value=
ac_cv_env_ICU_I18N_CFLAGS_set=
ac_cv_env_ICU_I18N_CFLAGS_value=
ac_cv_env_ICU_I18N_LIBS_set=
ac_cv_env_ICU_I18N_LIBS_value=
ac_cv_env_ICU_UC_CFLAGS_set=
ac_cv_env_ICU_UC_CFLAGS_value=
ac_cv_env_ICU_UC_LIBS_set=
ac_cv_env_ICU_UC_LIBS_value=
ac_cv_env_LDFLAGS_set=
ac_cv_env_LDFLAGS_value=
ac_cv_env_LEPTONICA_CFLAGS_set=
ac_cv_env_LEPTONICA_CFLAGS_value=
ac_cv_env_LEPTONICA_LIBS_set=
ac_cv_env_LEPTONICA_LIBS_value=
ac_cv_env_LIBS_set=
ac_cv_env_LIBS_value=
ac_cv_env_LT_SYS_LIBRARY_PATH_set=
ac_cv_env_LT_SYS_LIBRARY_PATH_value=
ac_cv_env_PKG_CONFIG_LIBDIR_set=
ac_cv_env_PKG_CONFIG_LIBDIR_value=
ac_cv_env_PKG_CONFIG_PATH_set=
ac_cv_env_PKG_CONFIG_PATH_value=
ac_cv_env_PKG_CONFIG_set=
ac_cv_env_PKG_CONFIG_value=
ac_cv_env_build_alias_set=
ac_cv_env_build_alias_value=
ac_cv_env_cairo_CFLAGS_set=
ac_cv_env_cairo_CFLAGS_value=
ac_cv_env_cairo_LIBS_set=
ac_cv_env_cairo_LIBS_value=
ac_cv_env_host_alias_set=
ac_cv_env_host_alias_value=
ac_cv_env_pango_CFLAGS_set=
ac_cv_env_pango_CFLAGS_value=
ac_cv_env_pango_LIBS_set=
ac_cv_env_pango_LIBS_value=
ac_cv_env_target_alias_set=
ac_cv_env_target_alias_value=
ac_cv_func_getline=yes
ac_cv_func_snprintf=yes
ac_cv_header_CL_cl_h=no
ac_cv_header_OpenCL_cl_h=no
ac_cv_header_dlfcn_h=yes
ac_cv_header_inttypes_h=yes
ac_cv_header_limits_h=yes
ac_cv_header_malloc_h=yes
ac_cv_header_memory_h=yes
ac_cv_header_stdbool_h=yes
ac_cv_header_stdc=yes
ac_cv_header_stdint_h=yes
ac_cv_header_stdlib_h=yes
ac_cv_header_string_h=yes
ac_cv_header_strings_h=yes
ac_cv_header_sys_ipc_h=yes
ac_cv_header_sys_shm_h=yes
ac_cv_header_sys_stat_h=yes
ac_cv_header_sys_types_h=yes
ac_cv_header_sys_wait_h=yes
ac_cv_header_tiffio_h=yes
ac_cv_header_time=yes
ac_cv_header_unistd_h=yes
ac_cv_host=x86_64-pc-linux-gnu
ac_cv_lib_OpenCL_clGetPlatformIDs=no
ac_cv_objext=o
ac_cv_path_EGREP='/bin/grep -E'
ac_cv_path_FGREP='/bin/grep -F'
ac_cv_path_GREP=/bin/grep
ac_cv_path_SED=/bin/sed
ac_cv_path_ac_pt_PKG_CONFIG=/usr/bin/pkg-config
ac_cv_path_install='/usr/bin/install -c'
ac_cv_path_lt_DD=/bin/dd
ac_cv_path_mkdir=/bin/mkdir
ac_cv_prog_AWK=gawk
ac_cv_prog_CXXCPP='g++ -E'
ac_cv_prog_ac_ct_AR=ar
ac_cv_prog_ac_ct_CC=gcc
ac_cv_prog_ac_ct_CXX=g++
ac_cv_prog_ac_ct_MANIFEST_TOOL=mt
ac_cv_prog_ac_ct_OBJDUMP=objdump
ac_cv_prog_ac_ct_RANLIB=ranlib
ac_cv_prog_ac_ct_STRIP=strip
ac_cv_prog_cc_c89=
ac_cv_prog_cc_g=yes
ac_cv_prog_cxx_g=yes
ac_cv_prog_cxx_openmp=-fopenmp
ac_cv_prog_make_make_set=yes
ac_cv_search_sem_init=-lpthread
ac_cv_sys_file_offset_bits=no
ac_cv_sys_interpreter=yes
ac_cv_sys_largefile_CC=no
ac_cv_type__Bool=no
ac_cv_type_long_long_int=yes
ac_cv_type_mbstate_t=yes
ac_cv_type_off_t=yes
ac_cv_type_wchar_t=yes
am_cv_CC_dependencies_compiler_type=gcc3
am_cv_CXX_dependencies_compiler_type=gcc3
am_cv_make_support_nested_variables=yes
am_cv_prog_cc_c_o=yes
ax_cv_check_cxxflags___mavx=yes
ax_cv_check_cxxflags___msse4_1=yes
lt_cv_ar_at_file=@
lt_cv_archive_cmds_need_lc=no
lt_cv_deplibs_check_method=pass_all
lt_cv_file_magic_cmd='$MAGIC_CMD'
lt_cv_file_magic_test_file=
lt_cv_ld_reload_flag=-r
lt_cv_nm_interface='BSD nm'
lt_cv_objdir=.libs
lt_cv_path_LD=/usr/bin/ld
lt_cv_path_LDCXX='/usr/bin/ld -m elf_x86_64'
lt_cv_path_NM='/usr/bin/nm -B'
lt_cv_path_mainfest_tool=no
lt_cv_prog_compiler_c_o=yes
lt_cv_prog_compiler_c_o_CXX=yes
lt_cv_prog_compiler_pic='-fPIC -DPIC'
lt_cv_prog_compiler_pic_CXX='-fPIC -DPIC'
lt_cv_prog_compiler_pic_works=yes
lt_cv_prog_compiler_pic_works_CXX=yes
lt_cv_prog_compiler_rtti_exceptions=no
lt_cv_prog_compiler_static_works=yes
lt_cv_prog_compiler_static_works_CXX=yes
lt_cv_prog_gnu_ld=yes
lt_cv_prog_gnu_ldcxx=yes
lt_cv_sharedlib_from_linklib_cmd='printf %s\n'
lt_cv_shlibpath_overrides_runpath=no
lt_cv_sys_global_symbol_pipe='sed -n -e '\''s/^.*[	 ]\([ABCDGIRSTW][ABCDGIRSTW]*\)[	 ][	 ]*\([_A-Za-z][_A-Za-z0-9]*\)$/\1 \2 \2/p'\'' | sed '\''/ __gnu_lto/d'\'''
lt_cv_sys_global_symbol_to_c_name_address='sed -n -e '\''s/^: \(.*\) .*$/  {"\1", (void *) 0},/p'\'' -e '\''s/^[ABCDGIRSTW][ABCDGIRSTW]* .* \(.*\)$/  {"\1", (void *) \&\1},/p'\'''
lt_cv_sys_global_symbol_to_c_name_address_lib_prefix='sed -n -e '\''s/^: \(.*\) .*$/  {"\1", (void *) 0},/p'\'' -e '\''s/^[ABCDGIRSTW][ABCDGIRSTW]* .* \(lib.*\)$/  {"\1", (void *) \&\1},/p'\'' -e '\''s/^[ABCDGIRSTW][ABCDGIRSTW]* .* \(.*\)$/  {"lib\1", (void *) \&\1},/p'\'''
lt_cv_sys_global_symbol_to_cdecl='sed -n -e '\''s/^T .* \(.*\)$/extern int \1();/p'\'' -e '\''s/^[ABCDGIRSTW][ABCDGIRSTW]* .* \(.*\)$/extern char \1;/p'\'''
lt_cv_sys_global_symbol_to_import=
lt_cv_sys_max_cmd_len=1572864
lt_cv_to_host_file_cmd=func_convert_file_noop
lt_cv_to_tool_file_cmd=func_convert_file_noop
lt_cv_truncate_bin='/bin/dd bs=4096 count=1'
pkg_cv_ICU_I18N_CFLAGS=-I/usr/include/x86_64-linux-gnu
pkg_cv_ICU_I18N_LIBS='-licui18n -licuuc -licudata'
pkg_cv_ICU_UC_CFLAGS=-I/usr/include/x86_64-linux-gnu
pkg_cv_ICU_UC_LIBS='-licuuc -licudata'
pkg_cv_LEPTONICA_CFLAGS=-I/usr/local/include/leptonica
pkg_cv_LEPTONICA_LIBS='-L/usr/local/lib -llept'
pkg_cv_cairo_CFLAGS='-I/usr/include/cairo -I/usr/include/glib-2.0 -I/usr/lib/x86_64-linux-gnu/glib-2.0/include -I/usr/include/pixman-1 -I/usr/include/freetype2 -I/usr/include/libpng12'
pkg_cv_cairo_LIBS=-lcairo
pkg_cv_pango_CFLAGS='-I/usr/include/pango-1.0 -I/usr/include/glib-2.0 -I/usr/lib/x86_64-linux-gnu/glib-2.0/include'
pkg_cv_pango_LIBS='-lpango-1.0 -lgobject-2.0 -lglib-2.0'

## ----------------- ##
## Output variables. ##
## ----------------- ##

ACLOCAL='${SHELL} /home/srq/Installations/tesseract/config/missing aclocal-1.15'
ADD_RT_FALSE='#'
ADD_RT_TRUE=''
AMDEPBACKSLASH='\'
AMDEP_FALSE='#'
AMDEP_TRUE=''
AMTAR='$${TAR-tar}'
AM_BACKSLASH='\'
AM_CPPFLAGS=' -g -Wall -O0 -DDEBUG'
AM_DEFAULT_V='$(AM_DEFAULT_VERBOSITY)'
AM_DEFAULT_VERBOSITY='1'
AM_LDFLAGS=''
AM_V='$(V)'
AR='ar'
AUTOCONF='${SHELL} /home/srq/Installations/tesseract/config/missing autoconf'
AUTOHEADER='${SHELL} /home/srq/Installations/tesseract/config/missing autoheader'
AUTOMAKE='${SHELL} /home/srq/Installations/tesseract/config/missing automake-1.15'
AVX_OPT_FALSE='#'
AVX_OPT_TRUE=''
AWK='gawk'
CC='gcc'
CCDEPMODE='depmode=gcc3'
CFLAGS='-g -O2'
CPPFLAGS=' -I/usr/local/include/leptonica -I/usr/include/pango-1.0 -I/usr/include/glib-2.0 -I/usr/lib/x86_64-linux-gnu/glib-2.0/include -I/usr/include/cairo -I/usr/include/glib-2.0 -I/usr/lib/x86_64-linux-gnu/glib-2.0/include -I/usr/include/pixman-1 -I/usr/include/freetype2 -I/usr/include/libpng12'
CXX='g++'
CXXCPP='g++ -E'
CXXDEPMODE='depmode=gcc3'
CXXFLAGS='-g -O2 -std=c++11'
CYGPATH_W='echo'
DEFS='-DHAVE_CONFIG_H'
DEPDIR='.deps'
DLLTOOL='false'
DSYMUTIL=''
DUMPBIN=''
ECHO_C=''
ECHO_N='-n'
ECHO_T=''
EGREP='/bin/grep -E'
EMBEDDED_FALSE=''
EMBEDDED_TRUE='#'
ENABLE_TRAINING_FALSE='#'
ENABLE_TRAINING_TRUE=''
EXEEXT=''
FGREP='/bin/grep -F'
FRAMEWORK_OPENCL=''
GENERIC_API_VERSION='4.0'
GENERIC_LIBRARY_NAME='tesseract'
GENERIC_LIBRARY_VERSION='4:0'
GENERIC_MAJOR_VERSION='4'
GENERIC_RELEASE='4.0'
GENERIC_VERSION='4.0.0'
GRAPHICS_DISABLED_FALSE=''
GRAPHICS_DISABLED_TRUE='#'
GREP='/bin/grep'
ICU_I18N_CFLAGS='-I/usr/include/x86_64-linux-gnu'
ICU_I18N_LIBS='-licui18n -licuuc -licudata'
ICU_UC_CFLAGS='-I/usr/include/x86_64-linux-gnu'
ICU_UC_LIBS='-licuuc -licudata'
INSTALL_DATA='${INSTALL} -m 644'
INSTALL_PROGRAM='${INSTALL}'
INSTALL_SCRIPT='${INSTALL}'
INSTALL_STRIP_PROGRAM='$(install_sh) -c -s'
LD='/usr/bin/ld -m elf_x86_64'
LDFLAGS=''
LEPTONICA_CFLAGS='-I/usr/local/include/leptonica'
LEPTONICA_LIBS='-L/usr/local/lib -llept'
LIBOBJS=''
LIBS='-lpthread '
LIBTOOL='$(SHELL) $(top_builddir)/libtool'
LIPO=''
LN_S='ln -s'
LTLIBOBJS=''
LT_SYS_LIBRARY_PATH=''
MAINT='#'
MAINTAINER_MODE_FALSE=''
MAINTAINER_MODE_TRUE='#'
MAKEINFO='${SHELL} /home/srq/Installations/tesseract/config/missing makeinfo'
MANIFEST_TOOL=':'
MINGW_FALSE=''
MINGW_TRUE='#'
MKDIR_P='/bin/mkdir -p'
NM='/usr/bin/nm -B'
NMEDIT=''
NO_TESSDATA_PREFIX_FALSE=''
NO_TESSDATA_PREFIX_TRUE='#'
OBJDUMP='objdump'
OBJEXT='o'
OPENCL_CPPFLAGS=''
OPENCL_LDFLAGS=''
OPENMP_CXXFLAGS='-fopenmp'
OSX_FALSE=''
OSX_TRUE='#'
OTOOL64=''
OTOOL=''
PACKAGE='tesseract'
PACKAGE_BUGREPORT='https://github.com/tesseract-ocr/tesseract/issues'
PACKAGE_DATE='11/11'
PACKAGE_NAME='tesseract'
PACKAGE_STRING='tesseract 4.00.00dev'
PACKAGE_TARNAME='tesseract'
PACKAGE_URL=''
PACKAGE_VERSION='4.00.00dev'
PACKAGE_YEAR='2016'
PATH_SEPARATOR=':'
PKG_CONFIG='/usr/bin/pkg-config'
PKG_CONFIG_LIBDIR=''
PKG_CONFIG_PATH=''
RANLIB='ranlib'
SED='/bin/sed'
SET_MAKE=''
SHELL='/bin/bash'
SSE41_OPT_FALSE='#'
SSE41_OPT_TRUE=''
STRIP='strip'
T_WIN_FALSE=''
T_WIN_TRUE='#'
USE_OPENCL_FALSE=''
USE_OPENCL_TRUE='#'
USING_MULTIPLELIBS_FALSE=''
USING_MULTIPLELIBS_TRUE='#'
VERSION='4.00.00dev'
VISIBILITY_FALSE=''
VISIBILITY_TRUE='#'
ac_ct_AR='ar'
ac_ct_CC='gcc'
ac_ct_CXX='g++'
ac_ct_DUMPBIN=''
am__EXEEXT_FALSE=''
am__EXEEXT_TRUE='#'
am__fastdepCC_FALSE='#'
am__fastdepCC_TRUE=''
am__fastdepCXX_FALSE='#'
am__fastdepCXX_TRUE=''
am__include='include'
am__isrc=''
am__leading_dot='.'
am__nodep='_no'
am__quote=''
am__tar='$${TAR-tar} chof - "$$tardir"'
am__untar='$${TAR-tar} xf -'
bindir='${exec_prefix}/bin'
build='x86_64-pc-linux-gnu'
build_alias=''
build_cpu='x86_64'
build_os='linux-gnu'
build_vendor='pc'
cairo_CFLAGS='-I/usr/include/cairo -I/usr/include/glib-2.0 -I/usr/lib/x86_64-linux-gnu/glib-2.0/include -I/usr/include/pixman-1 -I/usr/include/freetype2 -I/usr/include/libpng12'
cairo_LIBS='-lcairo'
datadir='${datarootdir}'
datarootdir='${prefix}/share'
docdir='${datarootdir}/doc/${PACKAGE_TARNAME}'
dvidir='${docdir}'
exec_prefix='${prefix}'
host='x86_64-pc-linux-gnu'
host_alias=''
host_cpu='x86_64'
host_os='linux-gnu'
host_vendor='pc'
htmldir='${docdir}'
includedir='${prefix}/include/tesseract'
infodir='${datarootdir}/info'
install_sh='${SHELL} /home/srq/Installations/tesseract/config/install-sh'
libdir='${exec_prefix}/lib'
libexecdir='${exec_prefix}/libexec'
localedir='${datarootdir}/locale'
localstatedir='${prefix}/var'
mandir='${datarootdir}/man'
mkdir_p='$(MKDIR_P)'
oldincludedir='/usr/include'
pango_CFLAGS='-I/usr/include/pango-1.0 -I/usr/include/glib-2.0 -I/usr/lib/x86_64-linux-gnu/glib-2.0/include'
pango_LIBS='-lpango-1.0 -lgobject-2.0 -lglib-2.0'
pdfdir='${docdir}'
prefix='/usr/local'
program_transform_name='s,x,x,'
psdir='${docdir}'
runstatedir='${localstatedir}/run'
sbindir='${exec_prefix}/sbin'
sharedstatedir='${prefix}/com'
sysconfdir='${prefix}/etc'
target_alias=''

## ----------- ##
## confdefs.h. ##
## ----------- ##

/* confdefs.h */
#define PACKAGE_NAME "tesseract"
#define PACKAGE_TARNAME "tesseract"
#define PACKAGE_VERSION "4.00.00dev"
#define PACKAGE_STRING "tesseract 4.00.00dev"
#define PACKAGE_BUGREPORT "https://github.com/tesseract-ocr/tesseract/issues"
#define PACKAGE_URL ""
#define GIT_REV "4.00.00alpha-241-g6f83ba0"
#define PACKAGE_NAME "tesseract"
#define PACKAGE_VERSION "4.00.00dev"
#define PACKAGE_YEAR "2016"
#define PACKAGE_DATE "11/11"
#define PACKAGE "tesseract"
#define VERSION "4.00.00dev"
#define STDC_HEADERS 1
#define HAVE_SYS_TYPES_H 1
#define HAVE_SYS_STAT_H 1
#define HAVE_STDLIB_H 1
#define HAVE_STRING_H 1
#define HAVE_MEMORY_H 1
#define HAVE_STRINGS_H 1
#define HAVE_INTTYPES_H 1
#define HAVE_STDINT_H 1
#define HAVE_UNISTD_H 1
#define HAVE_TIFFIO_H 1
#define HAVE_DLFCN_H 1
#define LT_OBJDIR ".libs/"
#define HAVE_SNPRINTF 1
#define STDC_HEADERS 1
#define TIME_WITH_SYS_TIME 1
#define HAVE_SYS_WAIT_H 1
#define HAVE_SYS_IPC_H 1
#define HAVE_SYS_SHM_H 1
#define HAVE_LIMITS_H 1
#define HAVE_MALLOC_H 1
#define HAVE_STDBOOL_H 1
#define HAVE_GETLINE 1
#define HAVE_WCHAR_T 1
#define HAVE_LONG_LONG_INT 1
#define HAVE_OFF_T 1
#define HAVE_MBSTATE_T 1

configure: exit 0

## ---------------------- ##
## Running config.status. ##
## ---------------------- ##

This file was extended by tesseract config.status 4.00.00dev, which was
generated by GNU Autoconf 2.69.  Invocation command line was

  CONFIG_FILES    = 
  CONFIG_HEADERS  = 
  CONFIG_LINKS    = 
  CONFIG_COMMANDS = 
  $ ./config.status 

on laptop

config.status:1250: creating Makefile
config.status:1250: creating tesseract.pc
config.status:1250: creating api/Makefile
config.status:1250: creating arch/Makefile
config.status:1250: creating ccmain/Makefile
config.status:1250: creating opencl/Makefile
config.status:1250: creating ccstruct/Makefile
config.status:1250: creating ccutil/Makefile
config.status:1250: creating classify/Makefile
config.status:1250: creating cutil/Makefile
config.status:1250: creating dict/Makefile
config.status:1250: creating lstm/Makefile
config.status:1250: creating textord/Makefile
config.status:1250: creating viewer/Makefile
config.status:1250: creating wordrec/Makefile
config.status:1250: creating tessdata/Makefile
config.status:1250: creating tessdata/configs/Makefile
config.status:1250: creating tessdata/tessconfigs/Makefile
config.status:1250: creating testing/Makefile
config.status:1250: creating java/Makefile
config.status:1250: creating java/com/Makefile
config.status:1250: creating java/com/google/Makefile
config.status:1250: creating java/com/google/scrollview/Makefile
config.status:1250: creating java/com/google/scrollview/events/Makefile
config.status:1250: creating java/com/google/scrollview/ui/Makefile
config.status:1250: creating doc/Makefile
config.status:1250: creating training/Makefile
config.status:1250: creating config_auto.h
config.status:1431: config_auto.h is unchanged
config.status:1479: executing depfiles commands
config.status:1479: executing libtool commands
